<?xml version="1.0" encoding="UTF-8"?>
<!-- Generated by org.testng.reporters.JUnitReportReporter -->
<testsuite hostname="LIN22004532" failures="0" tests="9" name="navmivishwakarma.Tests.SubmitOrder" time="169.035" errors="0" timestamp="2023-12-19T00:36:49 IST" skipped="4">
  <testcase classname="navmivishwakarma.Tests.SubmitOrder" name="submitOrder" time="21.023">
    <skipped/>
  </testcase> <!-- submitOrder -->
  <testcase classname="navmivishwakarma.Tests.SubmitOrder" name="submitOrder" time="20.487"/>
  <testcase classname="navmivishwakarma.Tests.SubmitOrder" name="orderHistory" time="9.275"/>
  <testcase classname="navmivishwakarma.Tests.SubmitOrder" name="submitOrder" time="13.106">
    <skipped/>
  </testcase> <!-- submitOrder -->
  <testcase classname="navmivishwakarma.Tests.SubmitOrder" name="submitOrder" time="26.355"/>
  <testcase classname="navmivishwakarma.Tests.SubmitOrder" name="submitOrder" time="15.252">
    <skipped/>
  </testcase> <!-- submitOrder -->
  <testcase classname="navmivishwakarma.Tests.SubmitOrder" name="submitOrder" time="21.975"/>
  <testcase classname="navmivishwakarma.Tests.SubmitOrder" name="submitOrder" time="21.227">
    <skipped/>
  </testcase> <!-- submitOrder -->
  <testcase classname="navmivishwakarma.Tests.SubmitOrder" name="submitOrder" time="20.335"/>
</testsuite> <!-- navmivishwakarma.Tests.SubmitOrder -->
